CPLEX 20.1.0.0: time=600
CPLEX 20.1.0.0: optimal integer solution; objective 16
316 MIP simplex iterations
0 branch-and-bound nodes
x [*] :=
  0 0    20 0    40 0    60 1    80 0   100 0   120 0   140 0   160 0   180 0
  1 0    21 0    41 0    61 0    81 0   101 0   121 0   141 0   161 0   181 0
  2 0    22 1    42 0    62 0    82 0   102 0   122 0   142 0   162 0   182 0
  3 0    23 0    43 0    63 0    83 0   103 0   123 1   143 0   163 0   183 0
  4 0    24 0    44 0    64 0    84 0   104 0   124 0   144 0   164 0   184 0
  5 0    25 0    45 0    65 0    85 0   105 0   125 0   145 0   165 0   185 0
  6 0    26 0    46 0    66 0    86 0   106 1   126 0   146 0   166 0   186 0
  7 0    27 0    47 0    67 0    87 0   107 0   127 0   147 0   167 0   187 1
  8 0    28 0    48 0    68 0    88 0   108 0   128 0   148 0   168 0   188 1
  9 0    29 0    49 0    69 0    89 0   109 0   129 1   149 0   169 0   189 0
 10 0    30 0    50 0    70 0    90 0   110 0   130 0   150 0   170 0   190 0
 11 0    31 0    51 0    71 0    91 0   111 0   131 0   151 0   171 0   191 0
 12 0    32 0    52 0    72 0    92 0   112 0   132 0   152 1   172 0   192 0
 13 0    33 0    53 0    73 1    93 0   113 0   133 0   153 0   173 0   193 0
 14 0    34 0    54 0    74 0    94 1   114 0   134 0   154 0   174 0   194 1
 15 0    35 1    55 0    75 0    95 0   115 0   135 0   155 1   175 0   195 0
 16 0    36 0    56 0    76 0    96 0   116 0   136 0   156 0   176 0   196 0
 17 0    37 0    57 0    77 0    97 0   117 0   137 0   157 1   177 0
 18 0    38 1    58 0    78 0    98 0   118 0   138 1   158 0   178 0
 19 0    39 0    59 0    79 0    99 0   119 0   139 0   159 0   179 0
;

