CPLEX 20.1.0.0: time=600
CPLEX 20.1.0.0: optimal integer solution; objective 20
1519745 MIP simplex iterations
74886 branch-and-bound nodes
x [*] :=
  0 0    38 1    76 0   114 0   152 0   190 0   228 0   266 0   304 0   342 0
  1 0    39 0    77 0   115 0   153 0   191 0   229 0   267 0   305 1   343 0
  2 0    40 0    78 0   116 0   154 0   192 0   230 0   268 0   306 0   344 0
  3 0    41 0    79 0   117 1   155 0   193 0   231 0   269 0   307 0   345 0
  4 0    42 0    80 0   118 0   156 0   194 0   232 0   270 0   308 0   346 1
  5 0    43 0    81 0   119 1   157 0   195 0   233 1   271 0   309 0   347 1
  6 0    44 0    82 0   120 0   158 0   196 0   234 0   272 0   310 0   348 0
  7 0    45 0    83 0   121 0   159 0   197 0   235 0   273 0   311 0   349 0
  8 0    46 0    84 0   122 0   160 0   198 0   236 0   274 0   312 0   350 0
  9 1    47 0    85 1   123 0   161 0   199 0   237 0   275 0   313 0   351 0
 10 0    48 1    86 0   124 0   162 0   200 0   238 0   276 0   314 0   352 0
 11 0    49 0    87 0   125 0   163 1   201 0   239 0   277 0   315 0   353 0
 12 0    50 0    88 0   126 0   164 1   202 0   240 0   278 0   316 1   354 0
 13 0    51 0    89 0   127 0   165 0   203 0   241 0   279 0   317 0   355 0
 14 1    52 0    90 0   128 0   166 0   204 0   242 0   280 0   318 0   356 0
 15 0    53 0    91 0   129 0   167 0   205 1   243 0   281 0   319 0   357 0
 16 0    54 0    92 0   130 0   168 1   206 0   244 0   282 0   320 0   358 0
 17 0    55 0    93 0   131 0   169 0   207 0   245 0   283 0   321 0   359 0
 18 0    56 0    94 0   132 0   170 0   208 0   246 0   284 0   322 0   360 0
 19 0    57 0    95 0   133 0   171 0   209 0   247 0   285 0   323 0   361 0
 20 0    58 0    96 0   134 0   172 0   210 0   248 0   286 0   324 0   362 0
 21 0    59 0    97 0   135 0   173 0   211 0   249 0   287 0   325 0   363 0
 22 0    60 0    98 0   136 0   174 0   212 0   250 0   288 0   326 0   364 0
 23 0    61 0    99 0   137 0   175 0   213 0   251 0   289 0   327 0   365 0
 24 0    62 0   100 0   138 0   176 0   214 0   252 0   290 0   328 0   366 0
 25 0    63 0   101 0   139 0   177 0   215 0   253 0   291 0   329 0   367 0
 26 0    64 0   102 0   140 0   178 0   216 0   254 1   292 0   330 0   368 0
 27 0    65 0   103 0   141 0   179 0   217 0   255 0   293 0   331 0   369 0
 28 0    66 0   104 0   142 0   180 0   218 0   256 0   294 0   332 1   370 0
 29 0    67 0   105 0   143 0   181 0   219 0   257 0   295 0   333 0   371 0
 30 0    68 0   106 0   144 0   182 0   220 0   258 0   296 0   334 0   372 0
 31 0    69 0   107 0   145 0   183 0   221 0   259 0   297 0   335 0   373 0
 32 1    70 0   108 0   146 0   184 0   222 0   260 0   298 0   336 0   374 0
 33 0    71 0   109 0   147 0   185 0   223 0   261 0   299 0   337 0   375 0
 34 0    72 0   110 0   148 0   186 0   224 0   262 0   300 0   338 0
 35 0    73 0   111 0   149 0   187 0   225 0   263 0   301 0   339 0
 36 0    74 0   112 0   150 0   188 0   226 0   264 1   302 0   340 0
 37 0    75 0   113 0   151 0   189 0   227 0   265 0   303 0   341 0
;

