CPLEX 20.1.0.0: time=600
CPLEX 20.1.0.0: optimal integer solution; objective 17
391 MIP simplex iterations
0 branch-and-bound nodes
x [*] :=
  0 1    20 0    40 0    60 0    80 0   100 0   120 0   140 0   160 0   180 0
  1 0    21 0    41 0    61 0    81 0   101 0   121 0   141 1   161 0   181 0
  2 1    22 0    42 0    62 0    82 0   102 0   122 0   142 0   162 0   182 0
  3 0    23 1    43 0    63 0    83 0   103 0   123 0   143 0   163 1   183 0
  4 0    24 0    44 0    64 0    84 0   104 0   124 0   144 0   164 0   184 0
  5 0    25 0    45 0    65 0    85 0   105 0   125 0   145 0   165 0   185 0
  6 1    26 1    46 0    66 0    86 0   106 0   126 0   146 0   166 0   186 0
  7 0    27 0    47 0    67 0    87 0   107 0   127 0   147 0   167 0   187 0
  8 0    28 0    48 0    68 0    88 0   108 0   128 0   148 1   168 0   188 0
  9 0    29 0    49 0    69 0    89 0   109 0   129 0   149 0   169 0   189 0
 10 0    30 0    50 0    70 1    90 0   110 0   130 0   150 0   170 0   190 0
 11 0    31 0    51 0    71 0    91 0   111 0   131 0   151 1   171 0   191 0
 12 0    32 0    52 0    72 0    92 1   112 0   132 0   152 0   172 0
 13 0    33 0    53 0    73 0    93 0   113 0   133 1   153 0   173 0
 14 0    34 0    54 0    74 0    94 0   114 0   134 0   154 0   174 0
 15 0    35 0    55 0    75 1    95 0   115 0   135 0   155 0   175 0
 16 0    36 0    56 1    76 0    96 0   116 0   136 0   156 0   176 0
 17 0    37 1    57 0    77 0    97 1   117 0   137 0   157 0   177 0
 18 0    38 0    58 0    78 1    98 0   118 0   138 0   158 0   178 0
 19 0    39 0    59 0    79 0    99 0   119 0   139 0   159 0   179 0
;

