CPLEX 20.1.0.0: time=600
CPLEX 20.1.0.0: optimal integer solution; objective 19
661635 MIP simplex iterations
24667 branch-and-bound nodes
x [*] :=
  0 0    35 0    70 0   105 0   140 0   175 0   210 0   245 0   280 0   315 0
  1 0    36 0    71 0   106 1   141 0   176 0   211 0   246 0   281 0   316 0
  2 0    37 0    72 0   107 0   142 0   177 0   212 0   247 0   282 0   317 0
  3 0    38 0    73 0   108 0   143 0   178 0   213 0   248 0   283 0   318 1
  4 0    39 0    74 0   109 0   144 0   179 0   214 0   249 0   284 0   319 0
  5 0    40 0    75 0   110 0   145 0   180 0   215 0   250 0   285 0   320 0
  6 0    41 0    76 0   111 0   146 0   181 0   216 0   251 0   286 0   321 1
  7 0    42 0    77 0   112 0   147 0   182 0   217 0   252 0   287 0   322 0
  8 0    43 0    78 1   113 0   148 0   183 0   218 0   253 0   288 0   323 0
  9 0    44 0    79 0   114 1   149 0   184 0   219 0   254 0   289 0   324 0
 10 0    45 0    80 0   115 0   150 0   185 0   220 1   255 0   290 0   325 0
 11 1    46 1    81 0   116 0   151 0   186 0   221 0   256 0   291 0   326 0
 12 0    47 0    82 0   117 0   152 0   187 1   222 0   257 0   292 0   327 0
 13 0    48 0    83 0   118 0   153 0   188 0   223 0   258 0   293 0   328 0
 14 0    49 0    84 0   119 0   154 0   189 0   224 0   259 0   294 0   329 0
 15 0    50 1    85 0   120 0   155 0   190 0   225 0   260 0   295 0   330 0
 16 0    51 1    86 0   121 0   156 1   191 0   226 0   261 0   296 0   331 0
 17 0    52 0    87 0   122 0   157 0   192 0   227 0   262 0   297 0   332 0
 18 0    53 0    88 0   123 0   158 0   193 0   228 0   263 0   298 0   333 0
 19 0    54 0    89 0   124 0   159 0   194 0   229 0   264 0   299 0   334 0
 20 0    55 0    90 0   125 0   160 0   195 0   230 0   265 0   300 0   335 0
 21 0    56 0    91 0   126 0   161 0   196 0   231 0   266 0   301 0   336 0
 22 0    57 1    92 0   127 0   162 0   197 0   232 0   267 0   302 0   337 0
 23 0    58 0    93 0   128 0   163 0   198 0   233 0   268 0   303 0   338 0
 24 0    59 0    94 0   129 0   164 0   199 0   234 0   269 0   304 0   339 0
 25 0    60 0    95 0   130 0   165 0   200 0   235 0   270 0   305 0   340 0
 26 0    61 0    96 0   131 0   166 0   201 0   236 0   271 0   306 0
 27 0    62 0    97 0   132 0   167 0   202 0   237 0   272 0   307 0
 28 0    63 0    98 0   133 0   168 0   203 0   238 0   273 0   308 1
 29 0    64 0    99 0   134 0   169 0   204 0   239 0   274 0   309 0
 30 0    65 0   100 0   135 1   170 0   205 0   240 0   275 1   310 0
 31 0    66 0   101 0   136 0   171 0   206 0   241 0   276 0   311 0
 32 0    67 0   102 0   137 0   172 0   207 0   242 0   277 0   312 1
 33 0    68 0   103 0   138 0   173 0   208 0   243 0   278 0   313 0
 34 1    69 0   104 0   139 0   174 0   209 0   244 0   279 1   314 0
;

