CPLEX 20.1.0.0: time=600
CPLEX 20.1.0.0: optimal integer solution; objective 19
168626 MIP simplex iterations
8989 branch-and-bound nodes
x [*] :=
  0 0    32 0    64 0    96 0   128 0   160 0   192 0   224 0   256 0   288 0
  1 0    33 0    65 0    97 0   129 0   161 0   193 0   225 0   257 0   289 0
  2 0    34 0    66 0    98 0   130 0   162 0   194 0   226 0   258 0   290 0
  3 0    35 0    67 0    99 0   131 0   163 0   195 0   227 0   259 0   291 0
  4 0    36 0    68 0   100 0   132 1   164 0   196 0   228 0   260 0   292 0
  5 0    37 0    69 0   101 1   133 0   165 0   197 0   229 0   261 0   293 0
  6 0    38 0    70 0   102 0   134 0   166 1   198 0   230 0   262 0   294 0
  7 0    39 0    71 0   103 0   135 0   167 0   199 0   231 0   263 0   295 0
  8 0    40 0    72 0   104 0   136 0   168 0   200 0   232 0   264 0   296 1
  9 0    41 1    73 0   105 0   137 0   169 0   201 0   233 0   265 0   297 0
 10 0    42 0    74 0   106 0   138 0   170 1   202 0   234 0   266 0   298 1
 11 0    43 0    75 0   107 1   139 0   171 0   203 0   235 0   267 0   299 0
 12 0    44 0    76 1   108 0   140 0   172 0   204 0   236 0   268 0   300 0
 13 0    45 0    77 0   109 0   141 0   173 0   205 0   237 0   269 0   301 0
 14 0    46 0    78 0   110 0   142 0   174 0   206 0   238 0   270 0   302 0
 15 0    47 0    79 0   111 0   143 0   175 0   207 0   239 0   271 0   303 0
 16 0    48 0    80 0   112 0   144 1   176 0   208 0   240 0   272 0   304 0
 17 0    49 0    81 0   113 0   145 0   177 0   209 0   241 0   273 0   305 0
 18 0    50 0    82 0   114 0   146 0   178 0   210 0   242 0   274 0   306 0
 19 0    51 0    83 0   115 1   147 0   179 0   211 0   243 0   275 0   307 0
 20 0    52 0    84 0   116 0   148 0   180 0   212 0   244 0   276 0   308 0
 21 0    53 0    85 0   117 0   149 0   181 0   213 0   245 1   277 0   309 0
 22 0    54 0    86 1   118 0   150 0   182 0   214 0   246 0   278 0   310 1
 23 0    55 1    87 0   119 0   151 0   183 0   215 0   247 0   279 0   311 0
 24 0    56 0    88 0   120 0   152 0   184 0   216 0   248 0   280 1   312 0
 25 0    57 0    89 0   121 0   153 0   185 0   217 0   249 0   281 0   313 0
 26 0    58 0    90 0   122 0   154 0   186 0   218 0   250 0   282 0
 27 0    59 0    91 0   123 0   155 0   187 0   219 0   251 0   283 0
 28 0    60 0    92 0   124 0   156 0   188 0   220 0   252 0   284 0
 29 0    61 0    93 0   125 0   157 0   189 0   221 0   253 0   285 0
 30 0    62 1    94 0   126 0   158 0   190 0   222 0   254 0   286 0
 31 1    63 0    95 0   127 0   159 1   191 0   223 0   255 0   287 0
;

