CPLEX 20.1.0.0: time=600
CPLEX 20.1.0.0: optimal integer solution; objective 12
415 MIP simplex iterations
0 branch-and-bound nodes
x [*] :=
  0 0    17 0    34 0    51 0    68 0    85 0   102 0   119 0   136 0   153 1
  1 0    18 0    35 0    52 0    69 0    86 0   103 0   120 0   137 0   154 0
  2 0    19 0    36 0    53 0    70 0    87 0   104 0   121 0   138 0   155 0
  3 0    20 0    37 0    54 0    71 0    88 0   105 0   122 0   139 0   156 0
  4 0    21 0    38 0    55 0    72 0    89 0   106 0   123 1   140 0   157 0
  5 0    22 0    39 0    56 0    73 0    90 1   107 0   124 0   141 0   158 0
  6 0    23 0    40 0    57 1    74 0    91 0   108 0   125 0   142 0   159 0
  7 0    24 0    41 0    58 0    75 0    92 0   109 0   126 0   143 0   160 0
  8 0    25 0    42 0    59 1    76 0    93 0   110 0   127 0   144 0   161 0
  9 0    26 0    43 0    60 0    77 0    94 0   111 0   128 0   145 0   162 0
 10 0    27 0    44 0    61 0    78 0    95 0   112 0   129 0   146 0   163 0
 11 0    28 0    45 0    62 0    79 1    96 0   113 0   130 0   147 0   164 0
 12 0    29 0    46 0    63 0    80 0    97 0   114 1   131 0   148 0   165 1
 13 0    30 0    47 0    64 0    81 0    98 0   115 0   132 0   149 0   166 0
 14 0    31 0    48 0    65 0    82 0    99 0   116 0   133 0   150 0   167 1
 15 1    32 0    49 0    66 0    83 0   100 1   117 0   134 0   151 0   168 0
 16 0    33 0    50 0    67 0    84 0   101 0   118 0   135 0   152 1
;

