CPLEX 20.1.0.0: optimal solution; objective 7.864321608
58 dual simplex iterations (0 in phase I)
x [*] :=
 0 0            17 0.0703518    34 0.223618     51 0.0175879    68 0.407035
 1 0.399497     18 0            35 0            52 0            69 0.334171
 2 0            19 0            36 0            53 0            70 0
 3 0            20 0            37 0            54 0.331658     71 0
 4 0            21 0.165829     38 0            55 0            72 0.650754
 5 0            22 0.688442     39 0.449749     56 0.00251256   73 0
 6 0.168342     23 0            40 0.0703518    57 0            74 0
 7 0            24 0.479899     41 0            58 0            75 0
 8 0            25 0            42 0            59 0            76 0.263819
 9 0            26 0.311558     43 0.18593      60 0.311558     77 0.120603
10 0            27 0            44 0            61 0            78 0
11 0.665829     28 0            45 0.429648     62 0            79 0.123116
12 0            29 0.258794     46 0            63 0            80 0
13 0            30 0            47 0.145729     64 0            81 0
14 0            31 0            48 0.349246     65 0            82 0
15 0            32 0.238693     49 0            66 0
16 0            33 0            50 0            67 0
;

