CPLEX 20.1.0.0: optimal solution; objective 13.9838463
144 dual simplex iterations (0 in phase I)
x [*] :=
  0 0            37 0.162249     74 0           111 0           148 0
  1 0            38 0.200565     75 0.304119    112 0           149 0
  2 0.212702     39 0.598269     76 0.162849    113 0           150 0.279926
  3 0            40 0            77 0           114 0           151 0.459371
  4 0            41 0            78 0           115 0           152 0
  5 0            42 0            79 0.278124    116 0           153 0.391007
  6 0            43 0.0887573    80 0.0556232   117 0           154 0
  7 0            44 0.165615     81 0           118 0           155 0.136963
  8 0            45 0            82 0           119 0           156 0.158917
  9 0            46 0.313668     83 0.339033    120 0.07517     157 0.247191
 10 0            47 0            84 0           121 0.384201    158 0
 11 0            48 0            85 0           122 0           159 0.0758184
 12 0            49 0            86 0           123 0           160 0
 13 0            50 0            87 0           124 0           161 0.156427
 14 0.142689     51 0            88 0.160378    125 0           162 0.448265
 15 0            52 0            89 0           126 0.0282703   163 0.0754033
 16 0.540629     53 0            90 0           127 0           164 0
 17 0            54 0            91 0.119843    128 0           165 0
 18 0            55 0            92 0           129 0           166 0
 19 0            56 0.0551577    93 0.423899    130 0.439594    167 0.437298
 20 0            57 0            94 0.335539    131 0           168 0
 21 0            58 0            95 0.070262    132 0           169 0
 22 0            59 0            96 0.424945    133 0           170 0
 23 0.311302     60 0.231201     97 0           134 0           171 0
 24 0.125005     61 0            98 0           135 0.0228457   172 0
 25 0            62 0            99 0           136 0           173 0.49244
 26 0            63 0           100 0           137 0.0128447   174 0.119324
 27 0.149739     64 0           101 0           138 0           175 0
 28 0            65 0           102 0           139 0           176 0
 29 0.191723     66 0           103 0           140 0           177 0.196258
 30 0.41727      67 0           104 0           141 0.282696    178 0
 31 0.306995     68 0           105 0           142 0.443379    179 0
 32 0.224868     69 0           106 0           143 0           180 0
 33 0.408208     70 0           107 0.391134    144 0
 34 0.388886     71 0           108 0.0357105   145 0
 35 0.201165     72 0           109 0           146 0.0218482
 36 0            73 0           110 0.0602689   147 0
;

