CPLEX 20.1.0.0: optimal solution; objective 7.714285714
45 dual simplex iterations (0 in phase I)
x [*] :=
 0 0           17 0           34 0           51 0           68 0
 1 0           18 0           35 0           52 0           69 0
 2 0.642857    19 0           36 0           53 0           70 0.0714286
 3 0.285714    20 0.642857    37 0           54 0           71 0
 4 0.142857    21 0.5         38 0.428571    55 0           72 0
 5 0           22 0           39 0           56 0.142857    73 0.357143
 6 0           23 0           40 0           57 0           74 0.285714
 7 0.214286    24 0           41 0           58 0           75 0
 8 0.571429    25 0           42 0           59 0           76 0
 9 0           26 0.214286    43 0           60 0.857143    77 0
10 0           27 0           44 0           61 0           78 0.357143
11 0.142857    28 0           45 0.5         62 0.142857    79 0
12 0           29 0           46 0           63 0           80 0.5
13 0           30 0           47 0           64 0
14 0           31 0           48 0           65 0.214286
15 0.5         32 0           49 0           66 0
16 0           33 0           50 0           67 0
;

